<?xml version="1.0" encoding="UTF-8"?>
<testng-results skipped="0" failed="0" ignored="0" total="1" passed="1">
  <reporter-output>
  </reporter-output>
  <suite name="Default suite" duration-ms="18605" started-at="2021-02-27T12:44:29 IST" finished-at="2021-02-27T12:44:48 IST">
    <groups>
    </groups>
    <test name="Default test" duration-ms="18605" started-at="2021-02-27T12:44:29 IST" finished-at="2021-02-27T12:44:48 IST">
      <class name="pack02.HandleSuggestionList">
        <test-method status="PASS" signature="openBrowser()[pri:0, instance:pack02.HandleSuggestionList@6eceb130]" name="openBrowser" is-config="true" duration-ms="1881" started-at="2021-02-27T12:44:29 IST" finished-at="2021-02-27T12:44:31 IST">
          <reporter-output>
          </reporter-output>
        </test-method> <!-- openBrowser -->
        <test-method status="PASS" signature="handleSuggestionList()[pri:0, instance:pack02.HandleSuggestionList@6eceb130]" name="handleSuggestionList" duration-ms="16694" started-at="2021-02-27T12:44:31 IST" finished-at="2021-02-27T12:44:48 IST">
          <reporter-output>
          </reporter-output>
        </test-method> <!-- handleSuggestionList -->
        <test-method status="PASS" signature="closeBrowser()[pri:0, instance:pack02.HandleSuggestionList@6eceb130]" name="closeBrowser" is-config="true" duration-ms="0" started-at="2021-02-27T12:44:48 IST" finished-at="2021-02-27T12:44:48 IST">
          <reporter-output>
          </reporter-output>
        </test-method> <!-- closeBrowser -->
      </class> <!-- pack02.HandleSuggestionList -->
    </test> <!-- Default test -->
  </suite> <!-- Default suite -->
</testng-results>
